<?xml version="1.0" encoding="UTF-8"?>
<testsuite xmlns:xsi="http://www.w3.org/2001/XMLSchema-instance" xsi:noNamespaceSchemaLocation="https://maven.apache.org/surefire/maven-surefire-plugin/xsd/surefire-test-report.xsd" name="sn.ndongoinformatique.forage.IDaoFactureImplTest" time="1.008" tests="4" errors="0" skipped="0" failures="0">
  <properties>
    <property name="sun.desktop" value="windows"/>
    <property name="awt.toolkit" value="sun.awt.windows.WToolkit"/>
    <property name="file.encoding.pkg" value="sun.io"/>
    <property name="java.specification.version" value="1.8"/>
    <property name="sun.cpu.isalist" value="amd64"/>
    <property name="sun.jnu.encoding" value="Cp1252"/>
    <property name="java.class.path" value="C:\developpement\Livrable4\forage\forage-dao\target\test-classes;C:\developpement\Livrable4\forage\forage-dao\target\classes;C:\developpement\Livrable4\forage\forage-utils\target\forage-utils-1.0-SNAPSHOT.jar;C:\developpement\Livrable4\forage\forage-domaine\target\forage-domaine-1.0-SNAPSHOT.jar;C:\Users\NdongoInfo\.m2\repository\junit\junit\4.12\junit-4.12.jar;C:\Users\NdongoInfo\.m2\repository\org\hamcrest\hamcrest-core\1.3\hamcrest-core-1.3.jar;C:\Users\NdongoInfo\.m2\repository\mysql\mysql-connector-java\6.0.4\mysql-connector-java-6.0.4.jar;"/>
    <property name="java.vm.vendor" value="Oracle Corporation"/>
    <property name="sun.arch.data.model" value="64"/>
    <property name="user.variant" value=""/>
    <property name="java.vendor.url" value="http://java.oracle.com/"/>
    <property name="user.timezone" value=""/>
    <property name="user.country.format" value="SN"/>
    <property name="java.vm.specification.version" value="1.8"/>
    <property name="os.name" value="Windows 10"/>
    <property name="user.country" value="US"/>
    <property name="sun.java.launcher" value="SUN_STANDARD"/>
    <property name="sun.boot.library.path" value="C:\developpement\sdk\java\jdk8\jre\bin"/>
    <property name="sun.java.command" value="C:\Users\NDONGO~1\AppData\Local\Temp\surefire2858451480844117069\surefirebooter8437777008809045159.jar C:\Users\NdongoInfo\AppData\Local\Temp\surefire2858451480844117069 2018-09-29T10-04-25_397-jvmRun1 surefire5271234688502720671tmp surefire_05702805580971444354tmp"/>
    <property name="surefire.test.class.path" value="C:\developpement\Livrable4\forage\forage-dao\target\test-classes;C:\developpement\Livrable4\forage\forage-dao\target\classes;C:\developpement\Livrable4\forage\forage-utils\target\forage-utils-1.0-SNAPSHOT.jar;C:\developpement\Livrable4\forage\forage-domaine\target\forage-domaine-1.0-SNAPSHOT.jar;C:\Users\NdongoInfo\.m2\repository\junit\junit\4.12\junit-4.12.jar;C:\Users\NdongoInfo\.m2\repository\org\hamcrest\hamcrest-core\1.3\hamcrest-core-1.3.jar;C:\Users\NdongoInfo\.m2\repository\mysql\mysql-connector-java\6.0.4\mysql-connector-java-6.0.4.jar;"/>
    <property name="sun.cpu.endian" value="little"/>
    <property name="user.home" value="C:\Users\NdongoInfo"/>
    <property name="user.language" value="en"/>
    <property name="java.specification.vendor" value="Oracle Corporation"/>
    <property name="java.home" value="C:\developpement\sdk\java\jdk8\jre"/>
    <property name="basedir" value="C:\developpement\Livrable4\forage\forage-dao"/>
    <property name="file.separator" value="\"/>
    <property name="line.separator" value="&#10;"/>
    <property name="java.vm.specification.vendor" value="Oracle Corporation"/>
    <property name="java.specification.name" value="Java Platform API Specification"/>
    <property name="java.awt.graphicsenv" value="sun.awt.Win32GraphicsEnvironment"/>
    <property name="surefire.real.class.path" value="C:\Users\NDONGO~1\AppData\Local\Temp\surefire2858451480844117069\surefirebooter8437777008809045159.jar"/>
    <property name="sun.boot.class.path" value="C:\developpement\sdk\java\jdk8\jre\lib\resources.jar;C:\developpement\sdk\java\jdk8\jre\lib\rt.jar;C:\developpement\sdk\java\jdk8\jre\lib\sunrsasign.jar;C:\developpement\sdk\java\jdk8\jre\lib\jsse.jar;C:\developpement\sdk\java\jdk8\jre\lib\jce.jar;C:\developpement\sdk\java\jdk8\jre\lib\charsets.jar;C:\developpement\sdk\java\jdk8\jre\lib\jfr.jar;C:\developpement\sdk\java\jdk8\jre\classes"/>
    <property name="user.script" value=""/>
    <property name="sun.management.compiler" value="HotSpot 64-Bit Tiered Compilers"/>
    <property name="java.runtime.version" value="1.8.0_161-b12"/>
    <property name="user.name" value="NdongoInfo"/>
    <property name="path.separator" value=";"/>
    <property name="os.version" value="10.0"/>
    <property name="java.endorsed.dirs" value="C:\developpement\sdk\java\jdk8\jre\lib\endorsed"/>
    <property name="java.runtime.name" value="Java(TM) SE Runtime Environment"/>
    <property name="file.encoding" value="Cp1252"/>
    <property name="java.vm.name" value="Java HotSpot(TM) 64-Bit Server VM"/>
    <property name="localRepository" value="C:\Users\NdongoInfo\.m2\repository"/>
    <property name="java.vendor.url.bug" value="http://bugreport.sun.com/bugreport/"/>
    <property name="java.io.tmpdir" value="C:\Users\NDONGO~1\AppData\Local\Temp\"/>
    <property name="java.version" value="1.8.0_161"/>
    <property name="user.dir" value="C:\developpement\Livrable4\forage\forage-dao"/>
    <property name="os.arch" value="amd64"/>
    <property name="java.vm.specification.name" value="Java Virtual Machine Specification"/>
    <property name="java.awt.printerjob" value="sun.awt.windows.WPrinterJob"/>
    <property name="user.language.format" value="fr"/>
    <property name="sun.os.patch.level" value=""/>
    <property name="java.library.path" value="C:\developpement\sdk\java\jdk8\jre\bin;C:\WINDOWS\Sun\Java\bin;C:\WINDOWS\system32;C:\WINDOWS;C:\Program Files (x86)\Common Files\Oracle\Java\javapath;C:\ProgramData\Oracle\Java\javapath;C:\WINDOWS\system32;C:\WINDOWS;C:\WINDOWS\System32\Wbem;C:\WINDOWS\System32\WindowsPowerShell\v1.0\;C:\developpement\outils\nodejs\;C:\developpement\outils\apache-maven-3.5.4\bin;C:\WINDOWS\System32\OpenSSH\;C:\Program Files\MongoDB\Server\4.0\bin;C:\developpement\sdk\java\jdk8\bin;C:\Developpeur web\IDE\brackets\command;C:\wamp\bin\php\php5.6.35;C:\ProgramData\ComposerSetup\bin;C:\developpement\outils\Git\cmd;C:\Users\NdongoInfo\AppData\Local\Microsoft\WindowsApps;C:\Users\NdongoInfo\AppData\Roaming\npm;C:\developpement\outils\apache-maven-3.5.4\bin;%\JAVA_HOME%\bin;C:\Users\NdongoInfo\AppData\Roaming\Composer\vendor\bin;."/>
    <property name="java.vm.info" value="mixed mode"/>
    <property name="java.vendor" value="Oracle Corporation"/>
    <property name="java.vm.version" value="25.161-b12"/>
    <property name="java.ext.dirs" value="C:\developpement\sdk\java\jdk8\jre\lib\ext;C:\WINDOWS\Sun\Java\lib\ext"/>
    <property name="sun.io.unicode.encoding" value="UnicodeLittle"/>
    <property name="java.class.version" value="52.0"/>
  </properties>
  <testcase name="testList" classname="sn.ndongoinformatique.forage.IDaoFactureImplTest" time="0.001"/>
  <testcase name="testCreate" classname="sn.ndongoinformatique.forage.IDaoFactureImplTest" time="0.783"/>
  <testcase name="testDelete" classname="sn.ndongoinformatique.forage.IDaoFactureImplTest" time="0.217"/>
  <testcase name="testUpdate" classname="sn.ndongoinformatique.forage.IDaoFactureImplTest" time="0"/>
</testsuite>